Removed Pin From Net: NetName=VBAT Pin=C20-1
Removed Pin From Net: NetName=VBAT Pin=IC5-1
Removed Pin From Net: NetName=VBAT Pin=IC5-8
Removed Pin From Net: NetName=VBAT Pin=IC5-22
Removed Pin From Net: NetName=VCC Pin=J2-2
Change Component Designator: OldDesignator=* NewDesignator=ýc1
Added Component: Designator=D1(DIOM5626X245N)
Add component (AddParameter): Name = "Arrow Part Number"; Value = ""; VariantName = "[No Variations]"
Add component (AddParameter): Name = "Arrow Price/Stock"; Value = ""; VariantName = "[No Variations]"
Add component (AddParameter): Name = "Datasheet Link"; Value = "https://datasheet.lcsc.com/szlcsc/LGE-M7-SMAJ_C330214.pdf"; VariantName = "[No Variations]"
Add component (AddParameter): Name = "Height"; Value = "2.45mm"; VariantName = "[No Variations]"
Add component (AddParameter): Name = "Manufacturer_Name"; Value = "LGE"; VariantName = "[No Variations]"
Add component (AddParameter): Name = "Manufacturer_Part_Number"; Value = "M7"; VariantName = "[No Variations]"
Add component (AddParameter): Name = "Mouser Part Number"; Value = ""; VariantName = "[No Variations]"
Add component (AddParameter): Name = "Mouser Price/Stock"; Value = ""; VariantName = "[No Variations]"
Added Component: Designator=IC6(Lora_E22)
Added Pin To Net: NetName=VCC Pin=D1-2
Added Pin To Net: NetName=VBAT Pin=IC6-6
Added Pin To Net: NetName=VSS Pin=IC6-7
Added Pin To Net: NetName=AUX Pin=IC4-90
Added Pin To Net: NetName=AUX Pin=IC6-5
Added Net: Name=AUX
Added Pin To Net: NetName=L_RX Pin=IC4-47
Added Pin To Net: NetName=L_RX Pin=IC6-3
Added Net: Name=L_RX
Added Pin To Net: NetName=L_TX Pin=IC4-48
Added Pin To Net: NetName=L_TX Pin=IC6-4
Added Net: Name=L_TX
Added Pin To Net: NetName=M0 Pin=IC4-92
Added Pin To Net: NetName=M0 Pin=IC6-1
Added Net: Name=M0
Added Pin To Net: NetName=M1 Pin=IC4-91
Added Pin To Net: NetName=M1 Pin=IC6-2
Added Net: Name=M1
Added Pin To Net: NetName=NetD1_1 Pin=D1-1
Added Pin To Net: NetName=NetD1_1 Pin=J2-2
Added Net: Name=NetD1_1
Added Pin To Net: NetName=VDDIO Pin=C7-1
Added Pin To Net: NetName=VDDIO Pin=C20-1
Added Pin To Net: NetName=VDDIO Pin=IC3-3
Added Pin To Net: NetName=VDDIO Pin=IC5-1
Added Pin To Net: NetName=VDDIO Pin=IC5-8
Added Pin To Net: NetName=VDDIO Pin=IC5-22
Added Net: Name=VDDIO
