Removed Pin From Net: NetName=timepulse Pin=IC1-3
Removed Pin From Net: NetName=NetR1_1 Pin=IC1-9
Removed Pin From Net: NetName=VSS Pin=IC1-10
Removed Pin From Net: NetName=NetJ1_5 Pin=IC1-11
Removed Pin From Net: NetName=VSS Pin=IC1-12
Removed Pin From Net: NetName=VSS Pin=IC1-13
Removed Pin From Net: NetName=TXD Pin=IC1-20
Removed Pin From Net: NetName=RXD Pin=IC1-21
Removed Pin From Net: NetName=NetBT1_1 Pin=IC1-22
Removed Pin From Net: NetName=VBAT Pin=IC1-23
Removed Pin From Net: NetName=VSS Pin=IC1-24
Added Component: Designator=IC?(NEO-M8T)
Add component (AddParameter): Name = "Arrow Part Number"; Value = ""; VariantName = "[No Variations]"
Add component (AddParameter): Name = "Arrow Price/Stock"; Value = ""; VariantName = "[No Variations]"
Add component (AddParameter): Name = "Datasheet Link"; Value = "https://www.u-blox.com/sites/default/files/NEO-M8-FW3_DataSheet_%28UBX-15031086%29.pdf"; VariantName = "[No Variations]"
Add component (AddParameter): Name = "Manufacturer_Name"; Value = "U-Blox"; VariantName = "[No Variations]"
Add component (AddParameter): Name = "Manufacturer_Part_Number"; Value = "NEO-M8N-0"; VariantName = "[No Variations]"
Add component (AddParameter): Name = "Mouser Part Number"; Value = "377-NEO-M8N-0"; VariantName = "[No Variations]"
Add component (AddParameter): Name = "Mouser Price/Stock"; Value = "https://www.mouser.co.uk/ProductDetail/u-blox/NEO-M8N-0?qs=zW32dvEIR3unZhZI0KRbew%3D%3D"; VariantName = "[No Variations]"
Added Pin To Net: NetName=timepulse Pin=IC?-3
Added Pin To Net: NetName=NetR1_1 Pin=IC?-9
Added Pin To Net: NetName=VSS Pin=IC?-10
Added Pin To Net: NetName=NetJ1_5 Pin=IC?-11
Added Pin To Net: NetName=VSS Pin=IC?-12
Added Pin To Net: NetName=VSS Pin=IC?-13
Added Pin To Net: NetName=TXD Pin=IC?-20
Added Pin To Net: NetName=RXD Pin=IC?-21
Added Pin To Net: NetName=NetBT1_1 Pin=IC?-22
Added Pin To Net: NetName=VBAT Pin=IC?-23
Added Pin To Net: NetName=VSS Pin=IC?-24
